WORKER:0:1      Default Devito configuration:
WORKER:0:1      	 * autotuning=['aggressive', 'runtime']
WORKER:0:1      	 * develop-mode=False
WORKER:0:1      	 * mpi=False
WORKER:0:1      	 * log-level=DEBUG
WORKER:0:1      	 * language=openmp
WORKER:0:1      (ShotID 1) Preparing to run state for shot
WORKER:0:1      (ShotID 1) Selected boundary type sponge_boundary_2
WORKER:0:1      (ShotID 1) Estimated bandwidth for the propagated wavelet 0.208-0.592 MHz
WORKER:0:1      (ShotID 1) Spatial grid spacing (0.500 mm | 1.159 PPW) is higher than dispersion limit (0.116 mm | 5.000 PPW)
WORKER:0:1      (ShotID 1) Time grid spacing (0.080 μs | 44%) is above OT2 limit (0.066 μs) and below OT4 limit (0.118 μs)
WORKER:0:1      (ShotID 1) Selected undersampling level 5
WORKER:0:1      (ShotID 1) Selected time stepping scheme OT4
WORKER:0:1      Operator `acoustic_iso_state` instance configuration:
WORKER:0:1      	 * name=acoustic_iso_state
WORKER:0:1      	 * subs={h_x: np.float32(0.0005), h_y: np.float32(0.0005), h_z: np.float32(0.0005), dt: 8e-08}
WORKER:0:1      	 * opt=advanced
WORKER:0:1      	 * devicecreate=(p(t, x, y, z),)
WORKER:0:1      Operator `acoustic_iso_state` generated in 6.73 s
WORKER:0:1        * lowering.Clusters: 4.22 s (62.8 %)
WORKER:0:1           * specializing.Clusters: 2.78 s (41.4 %)
WORKER:0:1              * fuse: 1.75 s (26.1 %)
WORKER:0:1        * lowering.IET: 1.40 s (20.9 %)
WORKER:0:1      Flops reduction after symbolic optimization: [717 --> 419]
WORKER:0:1      Operator `acoustic_iso_state` fetched `/tmp/devito-jitcache-uid1005/bd11f98030f51500d25783541e57bdb27fd42ed3.c` in 0.24 s from jit-cache
WORKER:0:1      (ShotID 1) Running state equation for shot
WORKER:0:1      AutoTuner: run <x0_blk0_size=8,y0_blk0_size=8,nthreads=1> took 41.513631 (s) in 5 timesteps
WORKER:0:1      AutoTuner: run <x0_blk0_size=16,y0_blk0_size=16,nthreads=1> took 41.380987 (s) in 5 timesteps
WORKER:0:1      AutoTuner: run <x0_blk0_size=24,y0_blk0_size=24,nthreads=1> took 42.810927 (s) in 5 timesteps
WORKER:0:1      AutoTuner: run <x0_blk0_size=32,y0_blk0_size=32,nthreads=1> took 44.423172 (s) in 5 timesteps
WORKER:0:1      AutoTuner: run <x0_blk0_size=64,y0_blk0_size=64,nthreads=1> took 43.949762 (s) in 5 timesteps
WORKER:0:1      AutoTuner: run <x0_blk0_size=96,y0_blk0_size=96,nthreads=1> took 44.183890 (s) in 5 timesteps
WORKER:0:1      AutoTuner: run <x0_blk0_size=128,y0_blk0_size=128,nthreads=1> took 44.460216 (s) in 5 timesteps
WORKER:0:1      AutoTuner: run <x0_blk0_size=256,y0_blk0_size=256,nthreads=1> took 45.095921 (s) in 5 timesteps
WORKER:0:1      AutoTuner: run <x0_blk0_size=512,y0_blk0_size=512,nthreads=1> took 47.173424 (s) in 5 timesteps
WORKER:0:1      AutoTuner: run <x0_blk0_size=580,y0_blk0_size=580,nthreads=1> took 48.602679 (s) in 5 timesteps
WORKER:0:1      AutoTuner: run <x0_blk0_size=8,y0_blk0_size=16,nthreads=1> took 41.793155 (s) in 5 timesteps
WORKER:0:1      AutoTuner: run <x0_blk0_size=8,y0_blk0_size=24,nthreads=1> took 43.674310 (s) in 5 timesteps
WORKER:0:1      AutoTuner: run <x0_blk0_size=8,y0_blk0_size=32,nthreads=1> took 45.849476 (s) in 5 timesteps
WORKER:0:1      AutoTuner: run <x0_blk0_size=8,y0_blk0_size=64,nthreads=1> took 46.009202 (s) in 5 timesteps
WORKER:0:1      AutoTuner: run <x0_blk0_size=8,y0_blk0_size=96,nthreads=1> took 46.231458 (s) in 5 timesteps
WORKER:0:1      AutoTuner: run <x0_blk0_size=8,y0_blk0_size=128,nthreads=1> took 46.655059 (s) in 5 timesteps
WORKER:0:1      AutoTuner: run <x0_blk0_size=8,y0_blk0_size=256,nthreads=1> took 47.029570 (s) in 5 timesteps
WORKER:0:1      AutoTuner: run <x0_blk0_size=8,y0_blk0_size=512,nthreads=1> took 47.756644 (s) in 5 timesteps
WORKER:0:1      AutoTuner: run <x0_blk0_size=8,y0_blk0_size=580,nthreads=1> took 48.089014 (s) in 5 timesteps
WORKER:0:1      AutoTuner: run <x0_blk0_size=16,y0_blk0_size=8,nthreads=1> took 40.678189 (s) in 5 timesteps
WORKER:0:1      AutoTuner: run <x0_blk0_size=16,y0_blk0_size=24,nthreads=1> took 42.823694 (s) in 5 timesteps
WORKER:0:1      AutoTuner: run <x0_blk0_size=16,y0_blk0_size=32,nthreads=1> took 44.896302 (s) in 5 timesteps
WORKER:0:1      AutoTuner: run <x0_blk0_size=16,y0_blk0_size=64,nthreads=1> took 45.014515 (s) in 5 timesteps
WORKER:0:1      AutoTuner: run <x0_blk0_size=16,y0_blk0_size=96,nthreads=1> took 45.361564 (s) in 5 timesteps
